2024-05-09 06:50:17 INFO  TC001_AccountRegistrationTest:15 - ***** Starting TC001_AccountRegistrationTest  ****
2024-05-09 06:50:17 INFO  TC001_AccountRegistrationTest:21 - Clicked on MyAccount Link.. 
2024-05-09 06:50:18 INFO  TC001_AccountRegistrationTest:24 - Clicked on Register Link.. 
2024-05-09 06:50:18 INFO  TC001_AccountRegistrationTest:28 - Providing customer details...
2024-05-09 06:50:19 INFO  TC001_AccountRegistrationTest:42 - Validating expected message..
2024-05-09 06:50:19 INFO  TC001_AccountRegistrationTest:47 - Test passed
2024-05-09 06:50:19 INFO  TC001_AccountRegistrationTest:56 - ***** Finished TC001_AccountRegistrationTest *****
2024-05-09 06:50:23 INFO  TC002_LoginTest:16 - ****** Startign TC_002_LoginTest *****
2024-05-09 06:50:25 INFO  TC002_LoginTest:41 - ****** Finished TC_002_LoginTest *****
2024-05-09 07:07:24 INFO  TC001_AccountRegistrationTest:15 - ***** Starting TC001_AccountRegistrationTest  ****
2024-05-09 07:07:24 INFO  TC001_AccountRegistrationTest:21 - Clicked on MyAccount Link.. 
2024-05-09 07:07:24 INFO  TC001_AccountRegistrationTest:24 - Clicked on Register Link.. 
2024-05-09 07:07:24 INFO  TC001_AccountRegistrationTest:28 - Providing customer details...
2024-05-09 07:07:26 INFO  TC001_AccountRegistrationTest:42 - Validating expected message..
2024-05-09 07:07:26 INFO  TC001_AccountRegistrationTest:47 - Test passed
2024-05-09 07:07:26 INFO  TC001_AccountRegistrationTest:56 - ***** Finished TC001_AccountRegistrationTest *****
2024-05-09 07:07:30 INFO  TC002_LoginTest:16 - ****** Startign TC_002_LoginTest *****
2024-05-09 07:07:32 INFO  TC002_LoginTest:41 - ****** Finished TC_002_LoginTest *****
2024-05-09 07:10:46 INFO  TC001_AccountRegistrationTest:15 - ***** Starting TC001_AccountRegistrationTest  ****
2024-05-09 07:10:46 INFO  TC001_AccountRegistrationTest:21 - Clicked on MyAccount Link.. 
2024-05-09 07:10:47 INFO  TC001_AccountRegistrationTest:24 - Clicked on Register Link.. 
2024-05-09 07:10:47 INFO  TC001_AccountRegistrationTest:28 - Providing customer details...
2024-05-09 07:10:48 INFO  TC001_AccountRegistrationTest:42 - Validating expected message..
2024-05-09 07:10:48 INFO  TC001_AccountRegistrationTest:47 - Test passed
2024-05-09 07:10:48 INFO  TC001_AccountRegistrationTest:56 - ***** Finished TC001_AccountRegistrationTest *****
2024-05-09 07:10:53 INFO  TC002_LoginTest:16 - ****** Startign TC_002_LoginTest *****
2024-05-09 07:10:55 INFO  TC002_LoginTest:41 - ****** Finished TC_002_LoginTest *****
2026-03-14 10:33:39 INFO  Utils:112 - [TestNG] Running:
  D:\Workspace eclips 2025\OpencartV121-master\master.xml

2026-03-14 10:33:50 INFO  TC001_AccountRegistrationTest:15 - ***** Starting TC001_AccountRegistrationTest  ****
2026-03-14 10:33:50 INFO  TC001_AccountRegistrationTest:21 - Clicked on MyAccount Link.. 
2026-03-14 10:33:51 INFO  TC001_AccountRegistrationTest:24 - Clicked on Register Link.. 
2026-03-14 10:33:51 INFO  TC001_AccountRegistrationTest:28 - Providing customer details...
2026-03-14 10:33:53 INFO  TC001_AccountRegistrationTest:42 - Validating expected message..
2026-03-14 10:33:53 INFO  TC001_AccountRegistrationTest:47 - Test passed
2026-03-14 10:33:53 INFO  TC001_AccountRegistrationTest:56 - ***** Finished TC001_AccountRegistrationTest *****
2026-03-14 10:33:57 INFO  TC002_LoginTest:16 - ****** Startign TC_002_LoginTest *****
2026-03-14 10:35:58 INFO  TC001_AccountRegistrationTest:15 - ***** Starting TC001_AccountRegistrationTest  ****
2026-03-14 10:35:59 INFO  TC001_AccountRegistrationTest:21 - Clicked on MyAccount Link.. 
2026-03-14 10:35:59 INFO  TC001_AccountRegistrationTest:24 - Clicked on Register Link.. 
2026-03-14 10:35:59 INFO  TC001_AccountRegistrationTest:28 - Providing customer details...
2026-03-14 10:36:02 INFO  TC001_AccountRegistrationTest:42 - Validating expected message..
2026-03-14 10:36:02 INFO  TC001_AccountRegistrationTest:47 - Test passed
2026-03-14 10:36:02 INFO  TC001_AccountRegistrationTest:56 - ***** Finished TC001_AccountRegistrationTest *****
2026-03-14 10:36:05 INFO  TC002_LoginTest:16 - ****** Startign TC_002_LoginTest *****
2026-03-14 11:22:34 INFO  Utils:112 - [TestNG] Running:
  D:\Workspace eclips 2025\OpencartV121-master\master.xml

2026-03-14 11:22:39 INFO  TC001_AccountRegistrationTest:15 - ***** Starting TC001_AccountRegistrationTest  ****
2026-03-14 11:22:39 INFO  TC001_AccountRegistrationTest:21 - Clicked on MyAccount Link.. 
2026-03-14 11:22:40 INFO  TC001_AccountRegistrationTest:24 - Clicked on Register Link.. 
2026-03-14 11:22:40 INFO  TC001_AccountRegistrationTest:28 - Providing customer details...
2026-03-14 11:22:42 INFO  TC001_AccountRegistrationTest:42 - Validating expected message..
2026-03-14 11:22:42 INFO  TC001_AccountRegistrationTest:47 - Test passed
2026-03-14 11:22:42 INFO  TC001_AccountRegistrationTest:56 - ***** Finished TC001_AccountRegistrationTest *****
2026-03-14 11:22:46 INFO  TC002_LoginTest:16 - ****** Startign TC_002_LoginTest *****
2026-03-14 12:43:24 INFO  Utils:112 - [TestNG] Running:
  D:\Workspace eclips 2025\OpencartV121-master\test-output\testng-failed.xml

2026-03-14 12:43:30 INFO  TC002_LoginTest:16 - ****** Startign TC_002_LoginTest *****
